# JRE version: Java(TM) SE Runtime Environment (8.0_271-b09) (build 1.8.0_271-b09)
# Java VM: Java HotSpot(TM) 64-Bit Server VM (25.271-b09 mixed mode windows-amd64 compressed oops)
Heap:
 PSYoungGen      total 326656K, used 242447K [0x00000000eab00000, 0x0000000100000000, 0x0000000100000000)
  eden space 303104K, 79% used [0x00000000eab00000,0x00000000f97c3e80,0x00000000fd300000)
  from space 23552K, 0% used [0x00000000fe900000,0x00000000fe900000,0x0000000100000000)
  to   space 22528K, 16% used [0x00000000fd300000,0x00000000fd6bc6b0,0x00000000fe900000)
 ParOldGen       total 248320K, used 36613K [0x00000000c0000000, 0x00000000cf280000, 0x00000000eab00000)
  object space 248320K, 14% used [0x00000000c0000000,0x00000000c23c1428,0x00000000cf280000)
 Metaspace       used 66854K, capacity 70342K, committed 70576K, reserved 1110016K
  class space    used 9518K, capacity 10110K, committed 10196K, reserved 1048576K
GC Heap History (10 events):
Event: 6.060 GC heap after
Heap after GC invocations=10 (full 2):
 PSYoungGen      total 322048K, used 18227K [0x00000000eab00000, 0x0000000100000000, 0x0000000100000000)
  eden space 303104K, 0% used [0x00000000eab00000,0x00000000eab00000,0x00000000fd300000)
  from space 18944K, 96% used [0x00000000fed80000,0x00000000fff4cf20,0x0000000100000000)
  to   space 23040K, 0% used [0x00000000fd300000,0x00000000fd300000,0x00000000fe980000)
 ParOldGen       total 186880K, used 23065K [0x00000000c0000000, 0x00000000cb680000, 0x00000000eab00000)
  object space 186880K, 12% used [0x00000000c0000000,0x00000000c1686560,0x00000000cb680000)
 Metaspace       used 57462K, capacity 60034K, committed 60080K, reserved 1101824K
  class space    used 8135K, capacity 8632K, committed 8660K, reserved 1048576K
}
Event: 6.060 GC heap before
{Heap before GC invocations=11 (full 3):
 PSYoungGen      total 322048K, used 18227K [0x00000000eab00000, 0x0000000100000000, 0x0000000100000000)
  eden space 303104K, 0% used [0x00000000eab00000,0x00000000eab00000,0x00000000fd300000)
  from space 18944K, 96% used [0x00000000fed80000,0x00000000fff4cf20,0x0000000100000000)
  to   space 23040K, 0% used [0x00000000fd300000,0x00000000fd300000,0x00000000fe980000)
 ParOldGen       total 186880K, used 23065K [0x00000000c0000000, 0x00000000cb680000, 0x00000000eab00000)
  object space 186880K, 12% used [0x00000000c0000000,0x00000000c1686560,0x00000000cb680000)
 Metaspace       used 57462K, capacity 60034K, committed 60080K, reserved 1101824K
  class space    used 8135K, capacity 8632K, committed 8660K, reserved 1048576K
Event: 6.154 GC heap after
Heap after GC invocations=11 (full 3):
 PSYoungGen      total 322048K, used 0K [0x00000000eab00000, 0x0000000100000000, 0x0000000100000000)
  eden space 303104K, 0% used [0x00000000eab00000,0x00000000eab00000,0x00000000fd300000)
  from space 18944K, 0% used [0x00000000fed80000,0x00000000fed80000,0x0000000100000000)
  to   space 23040K, 0% used [0x00000000fd300000,0x00000000fd300000,0x00000000fe980000)
 ParOldGen       total 248320K, used 35204K [0x00000000c0000000, 0x00000000cf280000, 0x00000000eab00000)
  object space 248320K, 14% used [0x00000000c0000000,0x00000000c22611e8,0x00000000cf280000)
 Metaspace       used 57459K, capacity 60028K, committed 60080K, reserved 1101824K
  class space    used 8134K, capacity 8631K, committed 8660K, reserved 1048576K
}
Event: 15.541 GC heap before
{Heap before GC invocations=12 (full 3):
 PSYoungGen      total 322048K, used 303104K [0x00000000eab00000, 0x0000000100000000, 0x0000000100000000)
  eden space 303104K, 100% used [0x00000000eab00000,0x00000000fd300000,0x00000000fd300000)
  from space 18944K, 0% used [0x00000000fed80000,0x00000000fed80000,0x0000000100000000)
  to   space 23040K, 0% used [0x00000000fd300000,0x00000000fd300000,0x00000000fe980000)
 ParOldGen       total 248320K, used 35204K [0x00000000c0000000, 0x00000000cf280000, 0x00000000eab00000)
  object space 248320K, 14% used [0x00000000c0000000,0x00000000c22611e8,0x00000000cf280000)
 Metaspace       used 64010K, capacity 67046K, committed 67248K, reserved 1107968K
  class space    used 9128K, capacity 9644K, committed 9684K, reserved 1048576K
Event: 15.548 GC heap after
Heap after GC invocations=12 (full 3):
 PSYoungGen      total 319488K, used 15925K [0x00000000eab00000, 0x0000000100000000, 0x0000000100000000)
  eden space 303104K, 0% used [0x00000000eab00000,0x00000000eab00000,0x00000000fd300000)
  from space 16384K, 97% used [0x00000000fd300000,0x00000000fe28d510,0x00000000fe300000)
  to   space 23552K, 0% used [0x00000000fe900000,0x00000000fe900000,0x0000000100000000)
 ParOldGen       total 248320K, used 35212K [0x00000000c0000000, 0x00000000cf280000, 0x00000000eab00000)
  object space 248320K, 14% used [0x00000000c0000000,0x00000000c22631e8,0x00000000cf280000)
 Metaspace       used 64010K, capacity 67046K, committed 67248K, reserved 1107968K
  class space    used 9128K, capacity 9644K, committed 9684K, reserved 1048576K
}
Event: 715.653 GC heap before
{Heap before GC invocations=13 (full 3):
 PSYoungGen      total 319488K, used 133342K [0x00000000eab00000, 0x0000000100000000, 0x0000000100000000)
  eden space 303104K, 38% used [0x00000000eab00000,0x00000000f1daa600,0x00000000fd300000)
  from space 16384K, 97% used [0x00000000fd300000,0x00000000fe28d510,0x00000000fe300000)
  to   space 23552K, 0% used [0x00000000fe900000,0x00000000fe900000,0x0000000100000000)
 ParOldGen       total 248320K, used 35212K [0x00000000c0000000, 0x00000000cf280000, 0x00000000eab00000)
  object space 248320K, 14% used [0x00000000c0000000,0x00000000c22631e8,0x00000000cf280000)
 Metaspace       used 66473K, capacity 69682K, committed 69936K, reserved 1110016K
  class space    used 9472K, capacity 10033K, committed 10068K, reserved 1048576K
Event: 715.676 GC heap after
Heap after GC invocations=13 (full 3):
 PSYoungGen      total 326656K, used 12339K [0x00000000eab00000, 0x0000000100000000, 0x0000000100000000)
  eden space 303104K, 0% used [0x00000000eab00000,0x00000000eab00000,0x00000000fd300000)
  from space 23552K, 52% used [0x00000000fe900000,0x00000000ff50cc28,0x0000000100000000)
  to   space 22528K, 0% used [0x00000000fd300000,0x00000000fd300000,0x00000000fe900000)
 ParOldGen       total 248320K, used 35220K [0x00000000c0000000, 0x00000000cf280000, 0x00000000eab00000)
  object space 248320K, 14% used [0x00000000c0000000,0x00000000c22651e8,0x00000000cf280000)
 Metaspace       used 66473K, capacity 69682K, committed 69936K, reserved 1110016K
  class space    used 9472K, capacity 10033K, committed 10068K, reserved 1048576K
}
Event: 715.676 GC heap before
{Heap before GC invocations=14 (full 4):
 PSYoungGen      total 326656K, used 12339K [0x00000000eab00000, 0x0000000100000000, 0x0000000100000000)
  eden space 303104K, 0% used [0x00000000eab00000,0x00000000eab00000,0x00000000fd300000)
  from space 23552K, 52% used [0x00000000fe900000,0x00000000ff50cc28,0x0000000100000000)
  to   space 22528K, 0% used [0x00000000fd300000,0x00000000fd300000,0x00000000fe900000)
 ParOldGen       total 248320K, used 35220K [0x00000000c0000000, 0x00000000cf280000, 0x00000000eab00000)
  object space 248320K, 14% used [0x00000000c0000000,0x00000000c22651e8,0x00000000cf280000)
 Metaspace       used 66473K, capacity 69682K, committed 69936K, reserved 1110016K
  class space    used 9472K, capacity 10033K, committed 10068K, reserved 1048576K
Event: 715.863 GC heap after
Heap after GC invocations=14 (full 4):
 PSYoungGen      total 326656K, used 0K [0x00000000eab00000, 0x0000000100000000, 0x0000000100000000)
  eden space 303104K, 0% used [0x00000000eab00000,0x00000000eab00000,0x00000000fd300000)
  from space 23552K, 0% used [0x00000000fe900000,0x00000000fe900000,0x0000000100000000)
  to   space 22528K, 0% used [0x00000000fd300000,0x00000000fd300000,0x00000000fe900000)
 ParOldGen       total 248320K, used 36605K [0x00000000c0000000, 0x00000000cf280000, 0x00000000eab00000)
  object space 248320K, 14% used [0x00000000c0000000,0x00000000c23bf428,0x00000000cf280000)
 Metaspace       used 66472K, capacity 69676K, committed 69936K, reserved 1110016K
  class space    used 9472K, capacity 10032K, committed 10068K, reserved 1048576K
}
Event: 737.556 GC heap before
{Heap before GC invocations=15 (full 4):
 PSYoungGen      total 326656K, used 242447K [0x00000000eab00000, 0x0000000100000000, 0x0000000100000000)
  eden space 303104K, 79% used [0x00000000eab00000,0x00000000f97c3e80,0x00000000fd300000)
  from space 23552K, 0% used [0x00000000fe900000,0x00000000fe900000,0x0000000100000000)
  to   space 22528K, 0% used [0x00000000fd300000,0x00000000fd300000,0x00000000fe900000)
 ParOldGen       total 248320K, used 36605K [0x00000000c0000000, 0x00000000cf280000, 0x00000000eab00000)
  object space 248320K, 14% used [0x00000000c0000000,0x00000000c23bf428,0x00000000cf280000)
 Metaspace       used 66854K, capacity 70342K, committed 70576K, reserved 1110016K
  class space    used 9518K, capacity 10110K, committed 10196K, reserved 1048576K

